<?xml version="1.0" encoding="UTF-8"?>
<!-- Generated by org.testng.reporters.JUnitReportReporter -->
<testsuite skipped="0" hostname="CNF-GCB-335096" name="com.percipio.simple.XLSTut" tests="1" failures="0" timestamp="25 Mar 2019 06:42:05 GMT" time="25.263" errors="0">
  <testcase name="loginToPercipio" time="25.263" classname="com.percipio.simple.XLSTut"/>
</testsuite> <!-- com.percipio.simple.XLSTut -->
