<?xml version="1.0" encoding="UTF-8"?>
<!-- Generated by org.testng.reporters.JUnitReportReporter -->
<testsuite skipped="0" hostname="DESKTOP-9A2DCPS" name="moduleStart.TestMod1Test" tests="1" failures="0" timestamp="27 Dec 2018 09:15:17 GMT" time="0.016" errors="0">
  <testcase name="doLogin" time="0.016" classname="moduleStart.TestMod1Test"/>
</testsuite> <!-- moduleStart.TestMod1Test -->
