<?xml version="1.0" encoding="UTF-8"?>
<!-- Generated by org.testng.reporters.JUnitReportReporter -->
<testsuite skipped="0" hostname="DESKTOP-9A2DCPS" name="testcases.LoginTest" tests="3" failures="0" timestamp="27 Dec 2018 12:15:27 GMT" time="0.035" errors="0">
  <testcase name="doLoginTest" time="0.012" classname="testcases.LoginTest"/>
  <testcase name="doLoginTest" time="0.012" classname="testcases.LoginTest"/>
  <testcase name="doLoginTest" time="0.011" classname="testcases.LoginTest"/>
</testsuite> <!-- testcases.LoginTest -->
